#
# There is insufficient memory for the Java Runtime Environment to continue.
# Native memory allocation (malloc) failed to allocate 198176 bytes for Chunk::new
# Possible reasons:
#   The system is out of physical RAM or swap space
#   In 32 bit mode, the process size limit was hit
# Possible solutions:
#   Reduce memory load on the system
#   Increase physical memory or swap space
#   Check if swap backing store is full
#   Use 64 bit Java on a 64 bit OS
#   Decrease Java heap size (-Xmx/-Xms)
#   Decrease number of Java threads
#   Decrease Java thread stack sizes (-Xss)
#   Set larger code cache with -XX:ReservedCodeCacheSize=
# This output file may be truncated or incomplete.
#
#  Out of Memory Error (allocation.cpp:390), pid=2892, tid=0x0000000000001ea0
#
# JRE version: Java(TM) SE Runtime Environment (8.0_151-b12) (build 1.8.0_151-b12)
# Java VM: Java HotSpot(TM) 64-Bit Server VM (25.151-b12 mixed mode windows-amd64 compressed oops)
# Failed to write core dump. Minidumps are not enabled by default on client versions of Windows
#

---------------  T H R E A D  ---------------

Current thread (0x00000000551de000):  JavaThread "C2 CompilerThread0" daemon [_thread_in_native, id=7840, stack(0x00000000569c0000,0x0000000056ac0000)]

Stack: [0x00000000569c0000,0x0000000056ac0000]
[error occurred during error reporting (printing stack bounds), id 0xc0000005]

Native frames: (J=compiled Java code, j=interpreted, Vv=VM code, C=native code)


Current CompileTask:
C2:1492416 8461   !   4       com.mongodb.connection.InternalStreamConnection::sendMessage (116 bytes)


---------------  P R O C E S S  ---------------

Java Threads: ( => current thread )
  0x00000000584f5000 JavaThread "http-nio-8080-exec-10" daemon [_thread_blocked, id=7340, stack(0x000000005f630000,0x000000005f730000)]
  0x00000000584f4800 JavaThread "http-nio-8080-exec-9" daemon [_thread_blocked, id=7732, stack(0x000000005f3c0000,0x000000005f4c0000)]
  0x00000000584f3800 JavaThread "http-nio-8080-exec-8" daemon [_thread_blocked, id=4680, stack(0x000000005f2b0000,0x000000005f3b0000)]
  0x00000000584f3000 JavaThread "http-nio-8080-exec-7" daemon [_thread_blocked, id=5472, stack(0x000000005f130000,0x000000005f230000)]
  0x00000000584f2000 JavaThread "http-nio-8080-exec-6" daemon [_thread_blocked, id=2092, stack(0x000000005f030000,0x000000005f130000)]
  0x00000000584f1000 JavaThread "http-nio-8080-exec-5" daemon [_thread_blocked, id=2792, stack(0x000000005ee60000,0x000000005ef60000)]
  0x00000000584f0800 JavaThread "http-nio-8080-exec-4" daemon [_thread_blocked, id=7712, stack(0x000000005ed10000,0x000000005ee10000)]
  0x00000000584ef800 JavaThread "http-nio-8080-exec-3" daemon [_thread_blocked, id=1428, stack(0x000000005d4c0000,0x000000005d5c0000)]
  0x00000000584ef000 JavaThread "http-nio-8080-exec-2" daemon [_thread_blocked, id=7988, stack(0x000000005e880000,0x000000005e980000)]
  0x000000005ba89000 JavaThread "http-nio-8080-exec-1" daemon [_thread_blocked, id=1764, stack(0x0000000057cc0000,0x0000000057dc0000)]
  0x00000000022df000 JavaThread "DestroyJavaVM" [_thread_blocked, id=3764, stack(0x0000000002650000,0x0000000002750000)]
  0x0000000058858000 JavaThread "http-nio-8080-AsyncTimeout" daemon [_thread_blocked, id=6672, stack(0x000000005e750000,0x000000005e850000)]
  0x0000000058857000 JavaThread "http-nio-8080-Acceptor-0" daemon [_thread_in_native, id=5156, stack(0x00000000581d0000,0x00000000582d0000)]
  0x00000000577e1000 JavaThread "http-nio-8080-ClientPoller-1" daemon [_thread_in_native, id=7040, stack(0x000000005d1d0000,0x000000005d2d0000)]
  0x0000000058f15000 JavaThread "http-nio-8080-ClientPoller-0" daemon [_thread_in_native, id=4264, stack(0x000000005c1b0000,0x000000005c2b0000)]
  0x000000005786e000 JavaThread "NioBlockingSelector.BlockPoller-1" daemon [_thread_in_native, id=8152, stack(0x000000005ca80000,0x000000005cb80000)]
  0x00000000575d7000 JavaThread "pool-2-thread-1" daemon [_thread_blocked, id=6348, stack(0x000000005c860000,0x000000005c960000)]
  0x00000000590f4800 JavaThread "cluster-ClusterId{value='5ae859f22d9b0e0b4c0ca368', description='null'}-localhost:27017" daemon [_thread_blocked, id=3312, stack(0x000000005c970000,0x000000005ca70000)]
  0x0000000059164800 JavaThread "container-0" [_thread_blocked, id=6212, stack(0x000000005c510000,0x000000005c610000)]
  0x0000000059164000 JavaThread "ContainerBackgroundProcessor[StandardEngine[Tomcat]]" daemon [_thread_blocked, id=616, stack(0x000000005c360000,0x000000005c460000)]
  0x0000000056b36000 JavaThread "Service Thread" daemon [_thread_blocked, id=5076, stack(0x00000000571c0000,0x00000000572c0000)]
  0x0000000056b33000 JavaThread "C1 CompilerThread2" daemon [_thread_blocked, id=6136, stack(0x0000000056f00000,0x0000000057000000)]
  0x0000000056ad6800 JavaThread "C2 CompilerThread1" daemon [_thread_blocked, id=1724, stack(0x0000000056270000,0x0000000056370000)]
=>0x00000000551de000 JavaThread "C2 CompilerThread0" daemon [_thread_in_native, id=7840, stack(0x00000000569c0000,0x0000000056ac0000)]
  0x00000000551db800 JavaThread "Attach Listener" daemon [_thread_blocked, id=3256, stack(0x00000000568c0000,0x00000000569c0000)]
  0x00000000551d8000 JavaThread "Signal Dispatcher" daemon [_thread_blocked, id=1192, stack(0x00000000566c0000,0x00000000567c0000)]
  0x00000000551bc000 JavaThread "Finalizer" daemon [_thread_blocked, id=7704, stack(0x00000000565c0000,0x00000000566c0000)]
  0x0000000055175000 JavaThread "Reference Handler" daemon [_thread_blocked, id=6832, stack(0x0000000056400000,0x0000000056500000)]

Other Threads:
  0x000000005516d800 VMThread [stack: 0x0000000056120000,0x0000000056220000] [id=3728]
  0x0000000056b57000 WatcherThread [stack: 0x0000000057000000,0x0000000057100000] [id=6256]

VM state:not at safepoint (normal execution)

VM Mutex/Monitor currently owned by a thread: None

Heap:
 PSYoungGen      total 323072K, used 4109K [0x00000000eb800000, 0x00000000ffe80000, 0x0000000100000000)
  eden space 311808K, 1% used [0x00000000eb800000,0x00000000ebbc35d0,0x00000000fe880000)
  from space 11264K, 2% used [0x00000000ff380000,0x00000000ff3c0000,0x00000000ffe80000)
  to   space 11264K, 0% used [0x00000000fe880000,0x00000000fe880000,0x00000000ff380000)
 ParOldGen       total 54272K, used 20033K [0x00000000c2800000, 0x00000000c5d00000, 0x00000000eb800000)
  object space 54272K, 36% used [0x00000000c2800000,0x00000000c3b90480,0x00000000c5d00000)
 Metaspace       used 38992K, capacity 39648K, committed 39808K, reserved 1083392K
  class space    used 4727K, capacity 4873K, committed 4992K, reserved 1048576K

Card table byte_map: [0x0000000011de0000,0x0000000011fd0000] byte_map_base: 0x00000000117cc000

Marking Bits: (ParMarkBitMap*) 0x00000000670fd850
 Begin Bits: [0x0000000012730000, 0x0000000013690000)
 End Bits:   [0x0000000013690000, 0x00000000145f0000)

Polling page: 0x0000000001b50000

CodeCache: size=245760Kb used=25473Kb max_used=26056Kb free=220286Kb
 bounds [0x0000000002a20000, 0x00000000044e0000, 0x0000000011a20000]
 total_blobs=6872 nmethods=6426 adapters=357
 compilation: enabled

Compilation events (10 events):
Event: 1458.000 Thread 0x00000000551de000 8457       4       com.fasterxml.jackson.databind.ObjectWriter::<init> (48 bytes)
Event: 1458.379 Thread 0x00000000551de000 nmethod 8457 0x0000000003ef6d90 code [0x0000000003ef6ee0, 0x0000000003ef6f78]
Event: 1459.557 Thread 0x0000000056ad6800 nmethod 8441 0x0000000003930750 code [0x0000000003930ce0, 0x0000000003934cb0]
Event: 1463.925 Thread 0x0000000056ad6800 8458       4       org.bson.BsonBinaryReader::doReadDateTime (10 bytes)
Event: 1464.519 Thread 0x0000000056b33000 8459       3       sun.nio.ch.SocketAdaptor::setTcpNoDelay (9 bytes)
Event: 1465.518 Thread 0x0000000056b33000 nmethod 8459 0x00000000039c8950 code [0x00000000039c8ae0, 0x00000000039c8e18]
Event: 1465.518 Thread 0x0000000056b33000 8460   !   3       sun.nio.ch.SocketAdaptor::setBooleanOption (22 bytes)
Event: 1465.519 Thread 0x0000000056b33000 nmethod 8460 0x0000000003a429d0 code [0x0000000003a42b60, 0x0000000003a42e38]
Event: 1484.799 Thread 0x00000000551de000 8461   !   4       com.mongodb.connection.InternalStreamConnection::sendMessage (116 bytes)
Event: 1485.145 Thread 0x0000000056ad6800 nmethod 8458 0x0000000002cea210 code [0x0000000002cea3c0, 0x0000000002cea770]

GC Heap History (10 events):
Event: 1104.899 GC heap before
{Heap before GC invocations=20 (full 2):
 PSYoungGen      total 320512K, used 306432K [0x00000000eb800000, 0x00000000fff00000, 0x0000000100000000)
  eden space 306176K, 100% used [0x00000000eb800000,0x00000000fe300000,0x00000000fe300000)
  from space 14336K, 1% used [0x00000000fe300000,0x00000000fe340000,0x00000000ff100000)
  to   space 13824K, 0% used [0x00000000ff180000,0x00000000ff180000,0x00000000fff00000)
 ParOldGen       total 54272K, used 19725K [0x00000000c2800000, 0x00000000c5d00000, 0x00000000eb800000)
  object space 54272K, 36% used [0x00000000c2800000,0x00000000c3b43420,0x00000000c5d00000)
 Metaspace       used 38898K, capacity 39584K, committed 39808K, reserved 1083392K
  class space    used 4722K, capacity 4873K, committed 4992K, reserved 1048576K
Event: 1105.121 GC heap after
Heap after GC invocations=20 (full 2):
 PSYoungGen      total 321024K, used 224K [0x00000000eb800000, 0x00000000ffe80000, 0x0000000100000000)
  eden space 307712K, 0% used [0x00000000eb800000,0x00000000eb800000,0x00000000fe480000)
  from space 13312K, 1% used [0x00000000ff180000,0x00000000ff1b8000,0x00000000ffe80000)
  to   space 13312K, 0% used [0x00000000fe480000,0x00000000fe480000,0x00000000ff180000)
 ParOldGen       total 54272K, used 19733K [0x00000000c2800000, 0x00000000c5d00000, 0x00000000eb800000)
  object space 54272K, 36% used [0x00000000c2800000,0x00000000c3b45420,0x00000000c5d00000)
 Metaspace       used 38898K, capacity 39584K, committed 39808K, reserved 1083392K
  class space    used 4722K, capacity 4873K, committed 4992K, reserved 1048576K
}
Event: 1146.376 GC heap before
{Heap before GC invocations=21 (full 2):
 PSYoungGen      total 321024K, used 307936K [0x00000000eb800000, 0x00000000ffe80000, 0x0000000100000000)
  eden space 307712K, 100% used [0x00000000eb800000,0x00000000fe480000,0x00000000fe480000)
  from space 13312K, 1% used [0x00000000ff180000,0x00000000ff1b8000,0x00000000ffe80000)
  to   space 13312K, 0% used [0x00000000fe480000,0x00000000fe480000,0x00000000ff180000)
 ParOldGen       total 54272K, used 19733K [0x00000000c2800000, 0x00000000c5d00000, 0x00000000eb800000)
  object space 54272K, 36% used [0x00000000c2800000,0x00000000c3b45420,0x00000000c5d00000)
 Metaspace       used 38922K, capacity 39584K, committed 39808K, reserved 1083392K
  class space    used 4722K, capacity 4873K, committed 4992K, reserved 1048576K
Event: 1149.521 GC heap after
Heap after GC invocations=21 (full 2):
 PSYoungGen      total 321024K, used 256K [0x00000000eb800000, 0x00000000fff00000, 0x0000000100000000)
  eden space 307712K, 0% used [0x00000000eb800000,0x00000000eb800000,0x00000000fe480000)
  from space 13312K, 1% used [0x00000000fe480000,0x00000000fe4c0000,0x00000000ff180000)
  to   space 12800K, 0% used [0x00000000ff280000,0x00000000ff280000,0x00000000fff00000)
 ParOldGen       total 54272K, used 19733K [0x00000000c2800000, 0x00000000c5d00000, 0x00000000eb800000)
  object space 54272K, 36% used [0x00000000c2800000,0x00000000c3b45420,0x00000000c5d00000)
 Metaspace       used 38922K, capacity 39584K, committed 39808K, reserved 1083392K
  class space    used 4722K, capacity 4873K, committed 4992K, reserved 1048576K
}
Event: 1252.135 GC heap before
{Heap before GC invocations=22 (full 2):
 PSYoungGen      total 321024K, used 307968K [0x00000000eb800000, 0x00000000fff00000, 0x0000000100000000)
  eden space 307712K, 100% used [0x00000000eb800000,0x00000000fe480000,0x00000000fe480000)
  from space 13312K, 1% used [0x00000000fe480000,0x00000000fe4c0000,0x00000000ff180000)
  to   space 12800K, 0% used [0x00000000ff280000,0x00000000ff280000,0x00000000fff00000)
 ParOldGen       total 54272K, used 19733K [0x00000000c2800000, 0x00000000c5d00000, 0x00000000eb800000)
  object space 54272K, 36% used [0x00000000c2800000,0x00000000c3b45420,0x00000000c5d00000)
 Metaspace       used 38984K, capacity 39648K, committed 39808K, reserved 1083392K
  class space    used 4727K, capacity 4873K, committed 4992K, reserved 1048576K
Event: 1253.342 GC heap after
Heap after GC invocations=22 (full 2):
 PSYoungGen      total 322048K, used 320K [0x00000000eb800000, 0x00000000ffe80000, 0x0000000100000000)
  eden space 309760K, 0% used [0x00000000eb800000,0x00000000eb800000,0x00000000fe680000)
  from space 12288K, 2% used [0x00000000ff280000,0x00000000ff2d0000,0x00000000ffe80000)
  to   space 12288K, 0% used [0x00000000fe680000,0x00000000fe680000,0x00000000ff280000)
 ParOldGen       total 54272K, used 19833K [0x00000000c2800000, 0x00000000c5d00000, 0x00000000eb800000)
  object space 54272K, 36% used [0x00000000c2800000,0x00000000c3b5e460,0x00000000c5d00000)
 Metaspace       used 38984K, capacity 39648K, committed 39808K, reserved 1083392K
  class space    used 4727K, capacity 4873K, committed 4992K, reserved 1048576K
}
Event: 1274.163 GC heap before
{Heap before GC invocations=23 (full 2):
 PSYoungGen      total 322048K, used 310080K [0x00000000eb800000, 0x00000000ffe80000, 0x0000000100000000)
  eden space 309760K, 100% used [0x00000000eb800000,0x00000000fe680000,0x00000000fe680000)
  from space 12288K, 2% used [0x00000000ff280000,0x00000000ff2d0000,0x00000000ffe80000)
  to   space 12288K, 0% used [0x00000000fe680000,0x00000000fe680000,0x00000000ff280000)
 ParOldGen       total 54272K, used 19833K [0x00000000c2800000, 0x00000000c5d00000, 0x00000000eb800000)
  object space 54272K, 36% used [0x00000000c2800000,0x00000000c3b5e460,0x00000000c5d00000)
 Metaspace       used 38985K, capacity 39648K, committed 39808K, reserved 1083392K
  class space    used 4727K, capacity 4873K, committed 4992K, reserved 1048576K
Event: 1274.303 GC heap after
Heap after GC invocations=23 (full 2):
 PSYoungGen      total 322048K, used 288K [0x00000000eb800000, 0x00000000fff00000, 0x0000000100000000)
  eden space 309760K, 0% used [0x00000000eb800000,0x00000000eb800000,0x00000000fe680000)
  from space 12288K, 2% used [0x00000000fe680000,0x00000000fe6c8000,0x00000000ff280000)
  to   space 11776K, 0% used [0x00000000ff380000,0x00000000ff380000,0x00000000fff00000)
 ParOldGen       total 54272K, used 19865K [0x00000000c2800000, 0x00000000c5d00000, 0x00000000eb800000)
  object space 54272K, 36% used [0x00000000c2800000,0x00000000c3b66460,0x00000000c5d00000)
 Metaspace       used 38985K, capacity 39648K, committed 39808K, reserved 1083392K
  class space    used 4727K, capacity 4873K, committed 4992K, reserved 1048576K
}
Event: 1469.696 GC heap before
{Heap before GC invocations=24 (full 2):
 PSYoungGen      total 322048K, used 310048K [0x00000000eb800000, 0x00000000fff00000, 0x0000000100000000)
  eden space 309760K, 100% used [0x00000000eb800000,0x00000000fe680000,0x00000000fe680000)
  from space 12288K, 2% used [0x00000000fe680000,0x00000000fe6c8000,0x00000000ff280000)
  to   space 11776K, 0% used [0x00000000ff380000,0x00000000ff380000,0x00000000fff00000)
 ParOldGen       total 54272K, used 19865K [0x00000000c2800000, 0x00000000c5d00000, 0x00000000eb800000)
  object space 54272K, 36% used [0x00000000c2800000,0x00000000c3b66460,0x00000000c5d00000)
 Metaspace       used 38992K, capacity 39648K, committed 39808K, reserved 1083392K
  class space    used 4727K, capacity 4873K, committed 4992K, reserved 1048576K
Event: 1484.770 GC heap after
Heap after GC invocations=24 (full 2):
 PSYoungGen      total 323072K, used 256K [0x00000000eb800000, 0x00000000ffe80000, 0x0000000100000000)
  eden space 311808K, 0% used [0x00000000eb800000,0x00000000eb800000,0x00000000fe880000)
  from space 11264K, 2% used [0x00000000ff380000,0x00000000ff3c0000,0x00000000ffe80000)
  to   space 11264K, 0% used [0x00000000fe880000,0x00000000fe880000,0x00000000ff380000)
 ParOldGen       total 54272K, used 20033K [0x00000000c2800000, 0x00000000c5d00000, 0x00000000eb800000)
  object space 54272K, 36% used [0x00000000c2800000,0x00000000c3b90480,0x00000000c5d00000)
 Metaspace       used 38992K, capacity 39648K, committed 39808K, reserved 1083392K
  class space    used 4727K, capacity 4873K, committed 4992K, reserved 1048576K
}

Deoptimization events (10 events):
Event: 1237.689 Thread 0x00000000584f0800 Uncommon trap: reason=class_check action=maybe_recompile pc=0x00000000044077e0 method=org.springframework.web.servlet.FrameworkServlet.publishRequestHandledEvent(Ljavax/servlet/http/HttpServletRequest;Ljavax/servlet/http/HttpServletResponse;JLjava/lang/Th
Event: 1237.808 Thread 0x00000000584f3800 Uncommon trap: reason=bimorphic action=maybe_recompile pc=0x0000000003ebf0dc method=org.springframework.core.convert.support.ConversionUtils.invokeConverter(Lorg/springframework/core/convert/converter/GenericConverter;Ljava/lang/Object;Lorg/springframewor
Event: 1237.809 Thread 0x00000000584f3800 Uncommon trap: reason=bimorphic action=maybe_recompile pc=0x0000000003ebf0dc method=org.springframework.core.convert.support.ConversionUtils.invokeConverter(Lorg/springframework/core/convert/converter/GenericConverter;Ljava/lang/Object;Lorg/springframewor
Event: 1239.389 Thread 0x00000000584f0800 Uncommon trap: reason=unstable_if action=reinterpret pc=0x0000000003734694 method=org.apache.tomcat.util.http.Parameters.handleQueryParameters()V @ 27
Event: 1239.392 Thread 0x00000000584f0800 Uncommon trap: reason=class_check action=maybe_recompile pc=0x00000000039914b0 method=org.springframework.web.cors.CorsUtils.isPreFlightRequest(Ljavax/servlet/http/HttpServletRequest;)Z @ 11
Event: 1239.393 Thread 0x00000000584f0800 Uncommon trap: reason=class_check action=maybe_recompile pc=0x00000000038501e0 method=org.springframework.web.servlet.handler.AbstractHandlerMapping.getHandler(Ljavax/servlet/http/HttpServletRequest;)Lorg/springframework/web/servlet/HandlerExecutionChain;
Event: 1239.394 Thread 0x00000000584f0800 Uncommon trap: reason=speculate_class_check action=maybe_recompile pc=0x0000000003bac9cc method=org.springframework.http.converter.json.MappingJackson2HttpMessageConverter.writeSuffix(Lcom/fasterxml/jackson/core/JsonGenerator;Ljava/lang/Object;)V @ 1
Event: 1239.394 Thread 0x00000000584f0800 Uncommon trap: reason=class_check action=maybe_recompile pc=0x00000000044077e0 method=org.springframework.web.servlet.FrameworkServlet.publishRequestHandledEvent(Ljavax/servlet/http/HttpServletRequest;Ljavax/servlet/http/HttpServletResponse;JLjava/lang/Th
Event: 1316.995 Thread 0x00000000584ef000 Uncommon trap: reason=speculate_class_check action=maybe_recompile pc=0x0000000003bac9cc method=org.springframework.http.converter.json.MappingJackson2HttpMessageConverter.writeSuffix(Lcom/fasterxml/jackson/core/JsonGenerator;Ljava/lang/Object;)V @ 1
Event: 1317.083 Thread 0x00000000584ef000 Uncommon trap: reason=class_check action=maybe_recompile pc=0x00000000044077e0 method=org.springframework.web.servlet.FrameworkServlet.publishRequestHandledEvent(Ljavax/servlet/http/HttpServletRequest;Ljavax/servlet/http/HttpServletResponse;JLjava/lang/Th

Internal exceptions (10 events):
Event: 1200.929 Thread 0x00000000584f4800 Implicit null exception at 0x00000000041945af to 0x0000000004194b89
Event: 1200.984 Thread 0x00000000584f4800 Implicit null exception at 0x000000000418af23 to 0x000000000418afb5
Event: 1201.310 Thread 0x00000000584f4800 Implicit null exception at 0x0000000003dcc0ec to 0x0000000003dced9d
Event: 1202.663 Thread 0x00000000584f4800 Implicit null exception at 0x0000000003da3c99 to 0x0000000003da4285
Event: 1202.663 Thread 0x00000000584f4800 Implicit null exception at 0x0000000003ee331f to 0x0000000003ee3b61
Event: 1205.308 Thread 0x00000000584f4800 Implicit null exception at 0x0000000003af4bb9 to 0x0000000003af51f1
Event: 1206.218 Thread 0x00000000584f4800 Implicit null exception at 0x000000000317ed52 to 0x000000000317ffb1
Event: 1206.915 Thread 0x00000000584f4800 Implicit null exception at 0x0000000003c43b4a to 0x0000000003c44715
Event: 1206.915 Thread 0x00000000584f4800 Implicit null exception at 0x0000000003bfb542 to 0x0000000003bfb82d
Event: 1212.345 Thread 0x00000000584f5000 Implicit null exception at 0x0000000003427ba6 to 0x0000000003427c35

Events (10 events):
Event: 1284.208 Thread 0x0000000056b33000 flushing nmethod 0x00000000041e9790
Event: 1284.208 Thread 0x0000000056b33000 flushing nmethod 0x00000000041eb690
Event: 1316.995 Thread 0x00000000584ef000 Uncommon trap: trap_request=0xffffff76 fr.pc=0x0000000003bac9cc
Event: 1316.995 Thread 0x00000000584ef000 DEOPT PACKING pc=0x0000000003bac9cc sp=0x000000005e97e070
Event: 1317.083 Thread 0x00000000584ef000 DEOPT UNPACKING pc=0x0000000002a6582a sp=0x000000005e97dfe0 mode 2
Event: 1317.083 Thread 0x00000000584ef000 Uncommon trap: trap_request=0xffffffde fr.pc=0x00000000044077e0
Event: 1317.083 Thread 0x00000000584ef000 DEOPT PACKING pc=0x00000000044077e0 sp=0x000000005e97e7d0
Event: 1317.241 Thread 0x00000000584ef000 DEOPT UNPACKING pc=0x0000000002a6582a sp=0x000000005e97e6c0 mode 2
Event: 1466.118 Executing VM operation: ParallelGCFailedAllocation
Event: 1484.770 Executing VM operation: ParallelGCFailedAllocation done


Dynamic libraries:
0x000000013fa60000 - 0x000000013fa97000 	C:\Program Files\Java\jre1.8.0_151\bin\javaw.exe
0x0000000077ca0000 - 0x0000000077e49000 	C:\Windows\SYSTEM32\ntdll.dll
0x0000000077b80000 - 0x0000000077c9f000 	C:\Windows\system32\kernel32.dll
0x000007fefdda0000 - 0x000007fefde0b000 	C:\Windows\system32\KERNELBASE.dll
0x000007fefe270000 - 0x000007fefe34b000 	C:\Windows\system32\ADVAPI32.dll
0x000007feffa60000 - 0x000007feffaff000 	C:\Windows\system32\msvcrt.dll
0x000007fefeba0000 - 0x000007fefebbf000 	C:\Windows\SYSTEM32\sechost.dll
0x000007feffe80000 - 0x000007fefffad000 	C:\Windows\system32\RPCRT4.dll
0x0000000077a80000 - 0x0000000077b7a000 	C:\Windows\system32\USER32.dll
0x000007feffb00000 - 0x000007feffb67000 	C:\Windows\system32\GDI32.dll
0x000007feffdf0000 - 0x000007feffdfe000 	C:\Windows\system32\LPK.dll
0x000007feffc70000 - 0x000007feffd39000 	C:\Windows\system32\USP10.dll
0x000007fefc7f0000 - 0x000007fefc9e4000 	C:\Windows\WinSxS\amd64_microsoft.windows.common-controls_6595b64144ccf1df_6.0.7601.17514_none_fa396087175ac9ac\COMCTL32.dll
0x000007feffe00000 - 0x000007feffe71000 	C:\Windows\system32\SHLWAPI.dll
0x000007fefea70000 - 0x000007fefea9e000 	C:\Windows\system32\IMM32.DLL
0x000007feff950000 - 0x000007feffa59000 	C:\Windows\system32\MSCTF.dll
0x000007fefdba0000 - 0x000007fefdbe4000 	C:\Windows\system32\nvinitx.dll
0x000000006ff90000 - 0x0000000070062000 	C:\Program Files\Java\jre1.8.0_151\bin\msvcr100.dll
0x00000000668e0000 - 0x000000006717d000 	C:\Program Files\Java\jre1.8.0_151\bin\server\jvm.dll
0x000007fef0640000 - 0x000007fef0649000 	C:\Windows\system32\WSOCK32.dll
0x000007fefe350000 - 0x000007fefe39d000 	C:\Windows\system32\WS2_32.dll
0x000007feffde0000 - 0x000007feffde8000 	C:\Windows\system32\NSI.dll
0x000007fefbd90000 - 0x000007fefbdcb000 	C:\Windows\system32\WINMM.dll
0x000007fefcce0000 - 0x000007fefccec000 	C:\Windows\system32\VERSION.dll
0x0000000077e60000 - 0x0000000077e67000 	C:\Windows\system32\PSAPI.DLL
0x00000000748a0000 - 0x00000000748af000 	C:\Program Files\Java\jre1.8.0_151\bin\verify.dll
0x00000000744e0000 - 0x0000000074509000 	C:\Program Files\Java\jre1.8.0_151\bin\java.dll
0x00000000746b0000 - 0x00000000746c6000 	C:\Program Files\Java\jre1.8.0_151\bin\zip.dll
0x000007fefebc0000 - 0x000007feff948000 	C:\Windows\system32\SHELL32.dll
0x000007fefe3a0000 - 0x000007fefe5a3000 	C:\Windows\system32\ole32.dll
0x000007fefdbf0000 - 0x000007fefdbff000 	C:\Windows\system32\profapi.dll
0x0000000075480000 - 0x000000007548d000 	C:\Program Files\Java\jre1.8.0_151\bin\management.dll
0x0000000074690000 - 0x00000000746aa000 	C:\Program Files\Java\jre1.8.0_151\bin\net.dll
0x000007fefd3d0000 - 0x000007fefd425000 	C:\Windows\system32\mswsock.dll
0x000007fefd3c0000 - 0x000007fefd3c7000 	C:\Windows\System32\wship6.dll
0x000007fefbdd0000 - 0x000007fefbde5000 	C:\Windows\system32\NLAapi.dll
0x000007fef3ba0000 - 0x000007fef3bb5000 	C:\Windows\system32\napinsp.dll
0x000007fef3b80000 - 0x000007fef3b99000 	C:\Windows\system32\pnrpnsp.dll
0x000007fefd250000 - 0x000007fefd2ab000 	C:\Windows\system32\DNSAPI.dll
0x000007fef5230000 - 0x000007fef523b000 	C:\Windows\System32\winrnr.dll
0x000007fefcdb0000 - 0x000007fefcdb7000 	C:\Windows\System32\wshtcpip.dll
0x000007fefa730000 - 0x000007fefa757000 	C:\Windows\system32\IPHLPAPI.DLL
0x000007fefa720000 - 0x000007fefa72b000 	C:\Windows\system32\WINNSI.DLL
0x000007fef7b70000 - 0x000007fef7b78000 	C:\Windows\system32\rasadhlp.dll
0x000007fefa3c0000 - 0x000007fefa413000 	C:\Windows\System32\fwpuclnt.dll
0x00000000703d0000 - 0x00000000703e1000 	C:\Program Files\Java\jre1.8.0_151\bin\nio.dll
0x000007fefd430000 - 0x000007fefd447000 	C:\Windows\system32\CRYPTSP.dll
0x000007fefd130000 - 0x000007fefd177000 	C:\Windows\system32\rsaenh.dll
0x000007fefcef0000 - 0x000007fefcf0e000 	C:\Windows\system32\USERENV.dll
0x000007fefda70000 - 0x000007fefda7f000 	C:\Windows\system32\CRYPTBASE.dll
0x000007fefa5e0000 - 0x000007fefa5f8000 	C:\Windows\system32\dhcpcsvc.DLL
0x000007fefa370000 - 0x000007fefa381000 	C:\Windows\system32\dhcpcsvc6.DLL

VM Arguments:
jvm_args: -Dfile.encoding=UTF-8 
java_command: com.mooc.MongodbApplication
java_class_path (initial): C:\Users\khayri\Documents\ws\mongodbfinal\target\classes;C:\Users\khayri\.m2\repository\org\springframework\boot\spring-boot-starter-data-mongodb\1.4.2.RELEASE\spring-boot-starter-data-mongodb-1.4.2.RELEASE.jar;C:\Users\khayri\.m2\repository\org\springframework\boot\spring-boot-starter\1.4.2.RELEASE\spring-boot-starter-1.4.2.RELEASE.jar;C:\Users\khayri\.m2\repository\org\springframework\boot\spring-boot\1.4.2.RELEASE\spring-boot-1.4.2.RELEASE.jar;C:\Users\khayri\.m2\repository\org\springframework\boot\spring-boot-autoconfigure\1.4.2.RELEASE\spring-boot-autoconfigure-1.4.2.RELEASE.jar;C:\Users\khayri\.m2\repository\org\springframework\boot\spring-boot-starter-logging\1.4.2.RELEASE\spring-boot-starter-logging-1.4.2.RELEASE.jar;C:\Users\khayri\.m2\repository\ch\qos\logback\logback-classic\1.1.7\logback-classic-1.1.7.jar;C:\Users\khayri\.m2\repository\ch\qos\logback\logback-core\1.1.7\logback-core-1.1.7.jar;C:\Users\khayri\.m2\repository\org\slf4j\jul-to-slf4j\1.7.21\jul-to-slf4j-1.7.21.jar;C:\Users\khayri\.m2\repository\org\slf4j\log4j-over-slf4j\1.7.21\log4j-over-slf4j-1.7.21.jar;C:\Users\khayri\.m2\repository\org\yaml\snakeyaml\1.17\snakeyaml-1.17.jar;C:\Users\khayri\.m2\repository\org\mongodb\mongodb-driver\3.2.2\mongodb-driver-3.2.2.jar;C:\Users\khayri\.m2\repository\org\mongodb\mongodb-driver-core\3.2.2\mongodb-driver-core-3.2.2.jar;C:\Users\khayri\.m2\repository\org\mongodb\bson\3.2.2\bson-3.2.2.jar;C:\Users\khayri\.m2\repository\org\springframework\data\spring-data-mongodb\1.9.5.RELEASE\spring-data-mongodb-1.9.5.RELEASE.jar;C:\Users\khayri\.m2\repository\org\springframework\spring-tx\4.3.4.RELEASE\spring-tx-4.3.4.RELEASE.jar;C:\Users\khayri\.m2\repository\org\springframework\spring-beans\4.3.4.RELEASE\spring-beans-4.3.4.RELEASE.jar;C:\Users\khayri\.m2\repository\org\springframework\spring-expression\4.3.4.RELEASE\spring-expression-4.3.4.RELEASE.jar;C:\Users\khayri\.m2\repository\org\springframework\data\spring-data-commons\1.12.5.REL
Launcher Type: SUN_STANDARD

Environment Variables:
JAVA_HOME=C:\Program Files\Java\jdk1.8.0_31
PATH=C:/Program Files/Java/jre1.8.0_151/bin/server;C:/Program Files/Java/jre1.8.0_151/bin;C:/Program Files/Java/jre1.8.0_151/lib/amd64;C:\oraclexe\app\oracle\product\10.2.0\server\bin;C:\oraclexe\app\oracle\product\11.2.0\server\bin;C:\ProgramData\Oracle\Java\javapath;C:\Program Files\Java\jdk1.8.0_131\bin;C:\Program Files\Broadcom\Broadcom 802.11 Network Adapter;C:\Program Files (x86)\NVIDIA Corporation\PhysX\Common;C:\Program Files (x86)\Intel\iCLS Client\;C:\Program Files\Intel\iCLS Client\;C:\Windows\system32;C:\Windows;C:\Windows\System32\Wbem;C:\Windows\System32\WindowsPowerShell\v1.0\;C:\Program Files\Intel\Intel(R) Management Engine Components\DAL;C:\Program Files\Intel\Intel(R) Management Engine Components\IPT;C:\Program Files (x86)\Intel\Intel(R) Management Engine Components\DAL;C:\Program Files (x86)\Intel\Intel(R) Management Engine Components\IPT;C:\Program Files (x86)\Intel\OpenCL SDK\2.0\bin\x86;C:\Program Files (x86)\Intel\OpenCL SDK\2.0\bin\x64;C:\Program Files (x86)\GtkSharp\2.12\bin;C:\Android\SDK\platform-tools;C:\FPC\3.0.2\bin\i386-Win32;C:\composer;C:\wamp64\bin\php\php5.6.31;C:\Program Files (x86)\CodeBlocks\MinGW\bin;C:\Program Files\nodejs\;C:\Windows\syswow64\config\systemprofile\.dnx\bin;C:\Program Files\Microsoft DNX\Dnvm\;C:\Program Files\Microsoft SQL Server\130\Tools\Binn\;C:\Program Files\Git\cmd;C:\Users\khayri\AppData\Roaming\Composer\vendor\bin;C:\Program Files\Microsoft VS Code\bin;C:\Users\khayri\AppData\Roaming\npm;C:\Program Files\Heroku\bin;C:\Users\khayri\Documents\eclipse;
USERNAME=khayri
OS=Windows_NT
PROCESSOR_IDENTIFIER=Intel64 Family 6 Model 42 Stepping 7, GenuineIntel



---------------  S Y S T E M  ---------------

OS: Windows 7 , 64 bit Build 7601 (6.1.7601.18015)

CPU:total 4 (initial active 4) (2 cores per cpu, 2 threads per core) family 6 model 42 stepping 7, cmov, cx8, fxsr, mmx, sse, sse2, sse3, ssse3, sse4.1, sse4.2, popcnt, avx, clmul, ht, tsc, tscinvbit

Memory: 4k page, physical 4026732k(69480k free), swap 16105072k(14896k free)

vm_info: Java HotSpot(TM) 64-Bit Server VM (25.151-b12) for windows-amd64 JRE (1.8.0_151-b12), built on Sep  5 2017 19:33:46 by "java_re" with MS VC++ 10.0 (VS2010)

time: Tue May 01 05:38:01 2018
elapsed time: 1496 seconds (0d 0h 24m 56s)

